04-15-2026 20:02:12.671,-,API2," COORD,0013A200425E8FD9,Digi XBee3 Zigbee 3.0,1014,usbserial-B0025YU5 - 9600/8/N/1/N,0,65"

04-15-2026 19:34:56.797,587,RECV,7E004690007D33A200425E9122E86501244750524D432C3132333531392C412C333731332E35392C4E2C30383032342E35392C572C302E302C302E302C3036303332362C2C2C412A363629
04-15-2026 19:34:58.377,588,RECV,7E004690007D33A200425E9122E86501244750524D432C3132333531392C412C333731332E35392C4E2C30383032342E35392C572C302E302C302E302C3036303332362C2C2C412A363629
04-15-2026 19:34:59.994,589,RECV,7E004690007D33A200425E9122E86501244750524D432C3132333531392C412C333731332E35392C4E2C30383032342E35392C572C302E302C302E302C3036303332362C2C2C412A363629
04-15-2026 19:35:06.195,590,RECV,7E004690007D33A200425E9122E86501244750524D432C3132333531392C412C333731332E35392C4E2C30383032342E35392C572C302E302C302E302C3036303332362C2C2C412A363629
04-15-2026 19:35:07.791,591,RECV,7E004690007D33A200425E9122E86501244750524D432C3132333531392C412C333731332E35392C4E2C30383032342E35392C572C302E302C302E302C3036303332362C2C2C412A363629
04-15-2026 19:35:09.395,592,RECV,7E004690007D33A200425E9122E86501244750524D432C3132333531392C412C333731332E35392C4E2C30383032342E35392C572C302E302C302E302C3036303332362C2C2C412A363629
04-15-2026 19:35:10.990,593,RECV,7E004690007D33A200425E9122E86501244750524D432C3132333531392C412C333731332E35392C4E2C30383032342E35392C572C302E302C302E302C3036303332362C2C2C412A363629
04-15-2026 19:35:17.590,594,RECV,7E004690007D33A200425E9122E86501244750524D432C3132333531392C412C333731332E35392C4E2C30383032342E35392C572C302E302C302E302C3036303332362C2C2C412A363629
04-15-2026 19:35:19.190,595,RECV,7E004690007D33A200425E9122E86501244750524D432C3132333531392C412C333731332E35392C4E2C30383032342E35392C572C302E302C302E302C3036303332362C2C2C412A363629
04-15-2026 19:35:20.789,596,RECV,7E004690007D33A200425E9122E86501244750524D432C3132333531392C412C333731332E35392C4E2C30383032342E35392C572C302E302C302E302C3036303332362C2C2C412A363629
04-15-2026 19:35:27.382,597,RECV,7E004690007D33A200425E9122E86501244750524D432C3132333531392C412C333731332E35392C4E2C30383032342E35392C572C302E302C302E302C3036303332362C2C2C412A363629
04-15-2026 19:35:28.937,598,RECV,7E004690007D33A200425E9122E86501244750524D432C3132333531392C412C333731332E35392C4E2C30383032342E35392C572C302E302C302E302C3036303332362C2C2C412A363629
04-15-2026 19:35:30.570,599,RECV,7E004690007D33A200425E9122E86501244750524D432C3132333531392C412C333731332E35392C4E2C30383032342E35392C572C302E302C302E302C3036303332362C2C2C412A363629
04-15-2026 19:35:30.937,600,RECV,7E00028A0372
04-15-2026 19:35:32.339,601,RECV,7E00028A066F
04-15-2026 19:35:32.339,602,RECV,7E00028A4332
04-15-2026 19:35:51.232,603,RECV,7E004690007D33A200425E9122E1A001244750524D432C3132333531392C412C333731332E35392C4E2C30383032342E35392C572C302E302C302E302C3036303332362C2C2C412A3636F5
04-15-2026 19:35:52.832,604,RECV,7E004690007D33A200425E9122E1A001244750524D432C3132333531392C412C333731332E35392C4E2C30383032342E35392C572C302E302C302E302C3036303332362C2C2C412A3636F5
04-15-2026 19:35:54.434,605,RECV,7E004690007D33A200425E9122E1A001244750524D432C3132333531392C412C333731332E35392C4E2C30383032342E35392C572C302E302C302E302C3036303332362C2C2C412A3636F5
04-15-2026 19:36:01.017,606,RECV,7E004690007D33A200425E9122E1A001244750524D432C3132333531392C412C333731332E35392C4E2C30383032342E35392C572C302E302C302E302C3036303332362C2C2C412A3636F5
04-15-2026 19:36:02.588,607,RECV,7E004690007D33A200425E9122E1A001244750524D432C3132333531392C412C333731332E35392C4E2C30383032342E35392C572C302E302C302E302C3036303332362C2C2C412A3636F5
04-15-2026 19:36:04.168,608,RECV,7E004690007D33A200425E9122E1A001244750524D432C3132333531392C412C333731332E35392C4E2C30383032342E35392C572C302E302C302E302C3036303332362C2C2C412A3636F5
04-15-2026 19:36:10.492,609,RECV,7E004690007D33A200425E9122E1A001244750524D432C3132333531392C412C333731332E35392C4E2C30383032342E35392C572C302E302C302E302C3036303332362C2C2C412A3636F5
04-15-2026 19:36:12.110,610,RECV,7E004690007D33A200425E9122E1A001244750524D432C3132333531392C412C333731332E35392C4E2C30383032342E35392C572C302E302C302E302C3036303332362C2C2C412A3636F5
04-15-2026 19:36:13.693,611,RECV,7E004690007D33A200425E9122E1A001244750524D432C3132333531392C412C333731332E35392C4E2C30383032342E35392C572C302E302C302E302C3036303332362C2C2C412A3636F5
04-15-2026 19:36:15.276,612,RECV,7E004690007D33A200425E9122E1A001244750524D432C3132333531392C412C333731332E35392C4E2C30383032342E35392C572C302E302C302E302C3036303332362C2C2C412A3636F5
04-15-2026 19:36:21.871,613,RECV,7E004690007D33A200425E9122E1A001244750524D432C3132333531392C412C333731332E35392C4E2C30383032342E35392C572C302E302C302E302C3036303332362C2C2C412A3636F5
04-15-2026 19:36:23.493,614,RECV,7E004690007D33A200425E9122E1A001244750524D432C3132333531392C412C333731332E35392C4E2C30383032342E35392C572C302E302C302E302C3036303332362C2C2C412A3636F5
04-15-2026 19:36:25.108,615,RECV,7E004690007D33A200425E9122E1A001244750524D432C3132333531392C412C333731332E35392C4E2C30383032342E35392C572C302E302C302E302C3036303332362C2C2C412A3636F5
04-15-2026 19:36:31.671,616,RECV,7E004690007D33A200425E9122E1A001244750524D432C3132333531392C412C333731332E35392C4E2C30383032342E35392C572C302E302C302E302C3036303332362C2C2C412A3636F5
04-15-2026 19:36:33.282,617,RECV,7E004690007D33A200425E9122E1A001244750524D432C3132333531392C412C333731332E35392C4E2C30383032342E35392C572C302E302C302E302C3036303332362C2C2C412A3636F5
04-15-2026 19:36:34.902,618,RECV,7E004690007D33A200425E9122E1A001244750524D432C3132333531392C412C333731332E35392C4E2C30383032342E35392C572C302E302C302E302C3036303332362C2C2C412A3636F5
04-15-2026 19:36:41.482,619,RECV,7E004690007D33A200425E9122E1A001244750524D432C3132333531392C412C333731332E35392C4E2C30383032342E35392C572C302E302C302E302C3036303332362C2C2C412A3636F5
04-15-2026 19:36:43.080,620,RECV,7E004690007D33A200425E9122E1A001244750524D432C3132333531392C412C333731332E35392C4E2C30383032342E35392C572C302E302C302E302C3036303332362C2C2C412A3636F5
04-15-2026 19:36:44.703,621,RECV,7E004690007D33A200425E9122E1A001244750524D432C3132333531392C412C333731332E35392C4E2C30383032342E35392C572C302E302C302E302C3036303332362C2C2C412A3636F5
04-15-2026 19:36:51.295,622,RECV,7E004690007D33A200425E9122E1A001244750524D432C3132333531392C412C333731332E35392C4E2C30383032342E35392C572C302E302C302E302C3036303332362C2C2C412A3636F5
04-15-2026 19:36:52.914,623,RECV,7E004690007D33A200425E9122E1A001244750524D432C3132333531392C412C333731332E35392C4E2C30383032342E35392C572C302E302C302E302C3036303332362C2C2C412A3636F5
04-15-2026 19:36:54.480,624,RECV,7E004690007D33A200425E9122E1A001244750524D432C3132333531392C412C333731332E35392C4E2C30383032342E35392C572C302E302C302E302C3036303332362C2C2C412A3636F5
04-15-2026 19:37:01.093,625,RECV,7E004690007D33A200425E9122E1A001244750524D432C3132333531392C412C333731332E35392C4E2C30383032342E35392C572C302E302C302E302C3036303332362C2C2C412A3636F5
04-15-2026 19:37:02.707,626,RECV,7E004690007D33A200425E9122E1A001244750524D432C3132333531392C412C333731332E35392C4E2C30383032342E35392C572C302E302C302E302C3036303332362C2C2C412A3636F5
04-15-2026 19:37:04.310,627,RECV,7E004690007D33A200425E9122E1A001244750524D432C3132333531392C412C333731332E35392C4E2C30383032342E35392C572C302E302C302E302C3036303332362C2C2C412A3636F5
04-15-2026 19:37:10.486,628,RECV,7E004690007D33A200425E9122E1A001244750524D432C3132333531392C412C333731332E35392C4E2C30383032342E35392C572C302E302C302E302C3036303332362C2C2C412A3636F5
04-15-2026 19:37:12.088,629,RECV,7E004690007D33A200425E9122E1A001244750524D432C3132333531392C412C333731332E35392C4E2C30383032342E35392C572C302E302C302E302C3036303332362C2C2C412A3636F5
04-15-2026 19:37:13.705,630,RECV,7E004690007D33A200425E9122E1A001244750524D432C3132333531392C412C333731332E35392C4E2C30383032342E35392C572C302E302C302E302C3036303332362C2C2C412A3636F5
04-15-2026 19:37:15.263,631,RECV,7E004690007D33A200425E9122E1A001244750524D432C3132333531392C412C333731332E35392C4E2C30383032342E35392C572C302E302C302E302C3036303332362C2C2C412A3636F5
04-15-2026 19:37:16.873,632,RECV,7E004690007D33A200425E9122E1A001244750524D432C3132333531392C412C333731332E35392C4E2C30383032342E35392C572C302E302C302E302C3036303332362C2C2C412A3636F5
04-15-2026 19:37:19.438,633,RECV,7E00028A0372
04-15-2026 19:37:20.809,634,RECV,7E00028A066F
04-15-2026 19:37:20.809,635,RECV,7E00028A4332
04-15-2026 19:37:38.706,636,RECV,7E004690007D33A200425E9122DACC01244750524D432C3132333531392C412C333731332E35392C4E2C30383032342E35392C572C302E302C302E302C3036303332362C2C2C412A3636D0
04-15-2026 19:37:40.233,637,RECV,7E004690007D33A200425E9122DACC01244750524D432C3132333531392C412C333731332E35392C4E2C30383032342E35392C572C302E302C302E302C3036303332362C2C2C412A3636D0
04-15-2026 19:37:41.841,638,RECV,7E004690007D33A200425E9122DACC01244750524D432C3132333531392C412C333731332E35392C4E2C30383032342E35392C572C302E302C302E302C3036303332362C2C2C412A3636D0
04-15-2026 19:37:48.425,639,RECV,7E004690007D33A200425E9122DACC01244750524D432C3132333531392C412C333731332E35392C4E2C30383032342E35392C572C302E302C302E302C3036303332362C2C2C412A3636D0
04-15-2026 19:37:49.976,640,RECV,7E004690007D33A200425E9122DACC01244750524D432C3132333531392C412C333731332E35392C4E2C30383032342E35392C572C302E302C302E302C3036303332362C2C2C412A3636D0
04-15-2026 19:37:51.593,641,RECV,7E004690007D33A200425E9122DACC01244750524D432C3132333531392C412C333731332E35392C4E2C30383032342E35392C572C302E302C302E302C3036303332362C2C2C412A3636D0
04-15-2026 19:37:58.188,642,RECV,7E004690007D33A200425E9122DACC01244750524D432C3132333531392C412C333731332E35392C4E2C30383032342E35392C572C302E302C302E302C3036303332362C2C2C412A3636D0
04-15-2026 19:37:59.796,643,RECV,7E004690007D33A200425E9122DACC01244750524D432C3132333531392C412C333731332E35392C4E2C30383032342E35392C572C302E302C302E302C3036303332362C2C2C412A3636D0
04-15-2026 19:38:01.393,644,RECV,7E004690007D33A200425E9122DACC01244750524D432C3132333531392C412C333731332E35392C4E2C30383032342E35392C572C302E302C302E302C3036303332362C2C2C412A3636D0
04-15-2026 19:38:08.015,645,RECV,7E004690007D33A200425E9122DACC01244750524D432C3132333531392C412C333731332E35392C4E2C30383032342E35392C572C302E302C302E302C3036303332362C2C2C412A3636D0
04-15-2026 19:38:09.599,646,RECV,7E004690007D33A200425E9122DACC01244750524D432C3132333531392C412C333731332E35392C4E2C30383032342E35392C572C302E302C302E302C3036303332362C2C2C412A3636D0
04-15-2026 19:38:11.204,647,RECV,7E004690007D33A200425E9122DACC01244750524D432C3132333531392C412C333731332E35392C4E2C30383032342E35392C572C302E302C302E302C3036303332362C2C2C412A3636D0
04-15-2026 19:38:17.414,648,RECV,7E004690007D33A200425E9122DACC01244750524D432C3132333531392C412C333731332E35392C4E2C30383032342E35392C572C302E302C302E302C3036303332362C2C2C412A3636D0
04-15-2026 19:38:18.999,649,RECV,7E004690007D33A200425E9122DACC01244750524D432C3132333531392C412C333731332E35392C4E2C30383032342E35392C572C302E302C302E302C3036303332362C2C2C412A3636D0
04-15-2026 19:38:20.605,650,RECV,7E004690007D33A200425E9122DACC01244750524D432C3132333531392C412C333731332E35392C4E2C30383032342E35392C572C302E302C302E302C3036303332362C2C2C412A3636D0
04-15-2026 19:38:22.217,651,RECV,7E004690007D33A200425E9122DACC01244750524D432C3132333531392C412C333731332E35392C4E2C30383032342E35392C572C302E302C302E302C3036303332362C2C2C412A3636D0
04-15-2026 19:38:28.802,652,RECV,7E004690007D33A200425E9122DACC01244750524D432C3132333531392C412C333731332E35392C4E2C30383032342E35392C572C302E302C302E302C3036303332362C2C2C412A3636D0
04-15-2026 19:38:30.380,653,RECV,7E004690007D33A200425E9122DACC01244750524D432C3132333531392C412C333731332E35392C4E2C30383032342E35392C572C302E302C302E302C3036303332362C2C2C412A3636D0
04-15-2026 19:38:31.997,654,RECV,7E004690007D33A200425E9122DACC01244750524D432C3132333531392C412C333731332E35392C4E2C30383032342E35392C572C302E302C302E302C3036303332362C2C2C412A3636D0
04-15-2026 19:38:38.578,655,RECV,7E004690007D33A200425E9122DACC01244750524D432C3132333531392C412C333731332E35392C4E2C30383032342E35392C572C302E302C302E302C3036303332362C2C2C412A3636D0
04-15-2026 19:38:40.190,656,RECV,7E004690007D33A200425E9122DACC01244750524D432C3132333531392C412C333731332E35392C4E2C30383032342E35392C572C302E302C302E302C3036303332362C2C2C412A3636D0
04-15-2026 19:38:41.809,657,RECV,7E004690007D33A200425E9122DACC01244750524D432C3132333531392C412C333731332E35392C4E2C30383032342E35392C572C302E302C302E302C3036303332362C2C2C412A3636D0
04-15-2026 19:38:48.394,658,RECV,7E004690007D33A200425E9122DACC01244750524D432C3132333531392C412C333731332E35392C4E2C30383032342E35392C572C302E302C302E302C3036303332362C2C2C412A3636D0
04-15-2026 19:38:50.005,659,RECV,7E004690007D33A200425E9122DACC01244750524D432C3132333531392C412C333731332E35392C4E2C30383032342E35392C572C302E302C302E302C3036303332362C2C2C412A3636D0
04-15-2026 19:38:51.590,660,RECV,7E004690007D33A200425E9122DACC01244750524D432C3132333531392C412C333731332E35392C4E2C30383032342E35392C572C302E302C302E302C3036303332362C2C2C412A3636D0
04-15-2026 19:38:58.185,661,RECV,7E004690007D33A200425E9122DACC01244750524D432C3132333531392C412C333731332E35392C4E2C30383032342E35392C572C302E302C302E302C3036303332362C2C2C412A3636D0
04-15-2026 19:38:59.818,662,RECV,7E004690007D33A200425E9122DACC01244750524D432C3132333531392C412C333731332E35392C4E2C30383032342E35392C572C302E302C302E302C3036303332362C2C2C412A3636D0
04-15-2026 19:39:01.402,663,RECV,7E004690007D33A200425E9122DACC01244750524D432C3132333531392C412C333731332E35392C4E2C30383032342E35392C572C302E302C302E302C3036303332362C2C2C412A3636D0
04-15-2026 19:39:07.981,664,RECV,7E004690007D33A200425E9122DACC01244750524D432C3132333531392C412C333731332E35392C4E2C30383032342E35392C572C302E302C302E302C3036303332362C2C2C412A3636D0
04-15-2026 19:39:09.594,665,RECV,7E004690007D33A200425E9122DACC01244750524D432C3132333531392C412C333731332E35392C4E2C30383032342E35392C572C302E302C302E302C3036303332362C2C2C412A3636D0
04-15-2026 19:39:11.218,666,RECV,7E004690007D33A200425E9122DACC01244750524D432C3132333531392C412C333731332E35392C4E2C30383032342E35392C572C302E302C302E302C3036303332362C2C2C412A3636D0
04-15-2026 19:39:17.391,667,RECV,7E004690007D33A200425E9122DACC01244750524D432C3132333531392C412C333731332E35392C4E2C30383032342E35392C572C302E302C302E302C3036303332362C2C2C412A3636D0
04-15-2026 19:39:19.006,668,RECV,7E004690007D33A200425E9122DACC01244750524D432C3132333531392C412C333731332E35392C4E2C30383032342E35392C572C302E302C302E302C3036303332362C2C2C412A3636D0
04-15-2026 19:39:20.590,669,RECV,7E004690007D33A200425E9122DACC01244750524D432C3132333531392C412C333731332E35392C4E2C30383032342E35392C572C302E302C302E302C3036303332362C2C2C412A3636D0
04-15-2026 19:39:22.227,670,RECV,7E004690007D33A200425E9122DACC01244750524D432C3132333531392C412C333731332E35392C4E2C30383032342E35392C572C302E302C302E302C3036303332362C2C2C412A3636D0
04-15-2026 19:39:28.785,671,RECV,7E004690007D33A200425E9122DACC01244750524D432C3132333531392C412C333731332E35392C4E2C30383032342E35392C572C302E302C302E302C3036303332362C2C2C412A3636D0
04-15-2026 19:39:30.386,672,RECV,7E004690007D33A200425E9122DACC01244750524D432C3132333531392C412C333731332E35392C4E2C30383032342E35392C572C302E302C302E302C3036303332362C2C2C412A3636D0
04-15-2026 19:39:32.004,673,RECV,7E004690007D33A200425E9122DACC01244750524D432C3132333531392C412C333731332E35392C4E2C30383032342E35392C572C302E302C302E302C3036303332362C2C2C412A3636D0
04-15-2026 19:39:38.600,674,RECV,7E004690007D33A200425E9122DACC01244750524D432C3132333531392C412C333731332E35392C4E2C30383032342E35392C572C302E302C302E302C3036303332362C2C2C412A3636D0
04-15-2026 19:39:40.197,675,RECV,7E004690007D33A200425E9122DACC01244750524D432C3132333531392C412C333731332E35392C4E2C30383032342E35392C572C302E302C302E302C3036303332362C2C2C412A3636D0
04-15-2026 19:39:41.817,676,RECV,7E004690007D33A200425E9122DACC01244750524D432C3132333531392C412C333731332E35392C4E2C30383032342E35392C572C302E302C302E302C3036303332362C2C2C412A3636D0
04-15-2026 19:39:48.395,677,RECV,7E004690007D33A200425E9122DACC01244750524D432C3132333531392C412C333731332E35392C4E2C30383032342E35392C572C302E302C302E302C3036303332362C2C2C412A3636D0
04-15-2026 19:39:49.958,678,RECV,7E004690007D33A200425E9122DACC01244750524D432C3132333531392C412C333731332E35392C4E2C30383032342E35392C572C302E302C302E302C3036303332362C2C2C412A3636D0
04-15-2026 19:39:51.563,679,RECV,7E004690007D33A200425E9122DACC01244750524D432C3132333531392C412C333731332E35392C4E2C30383032342E35392C572C302E302C302E302C3036303332362C2C2C412A3636D0
04-15-2026 19:39:52.734,680,RECV,7E00028A0372
04-15-2026 19:39:54.149,681,RECV,7E00028A066F
04-15-2026 19:39:54.149,682,RECV,7E00028A4332
04-15-2026 19:40:11.936,683,RECV,7E004690007D33A200425E9122A79B01244750524D432C3132333531392C412C333731332E35392C4E2C30383032342E35392C572C302E302C302E302C3036303332362C2C2C412A363634
04-15-2026 19:40:13.538,684,RECV,7E004690007D33A200425E9122A79B01244750524D432C3132333531392C412C333731332E35392C4E2C30383032342E35392C572C302E302C302E302C3036303332362C2C2C412A363634
04-15-2026 19:40:15.143,685,RECV,7E004690007D33A200425E9122A79B01244750524D432C3132333531392C412C333731332E35392C4E2C30383032342E35392C572C302E302C302E302C3036303332362C2C2C412A363634
04-15-2026 19:40:21.702,686,RECV,7E004690007D33A200425E9122A79B01244750524D432C3132333531392C412C333731332E35392C4E2C30383032342E35392C572C302E302C302E302C3036303332362C2C2C412A363634
04-15-2026 19:40:23.306,687,RECV,7E004690007D33A200425E9122A79B01244750524D432C3132333531392C412C333731332E35392C4E2C30383032342E35392C572C302E302C302E302C3036303332362C2C2C412A363634
04-15-2026 19:40:24.935,688,RECV,7E004690007D33A200425E9122A79B01244750524D432C3132333531392C412C333731332E35392C4E2C30383032342E35392C572C302E302C302E302C3036303332362C2C2C412A363634
04-15-2026 19:40:26.520,689,RECV,7E004690007D33A200425E9122A79B01244750524D432C3132333531392C412C333731332E35392C4E2C30383032342E35392C572C302E302C302E302C3036303332362C2C2C412A363634
04-15-2026 19:40:33.102,690,RECV,7E004690007D33A200425E9122A79B01244750524D432C3132333531392C412C333731332E35392C4E2C30383032342E35392C572C302E302C302E302C3036303332362C2C2C412A363634
04-15-2026 19:40:34.718,691,RECV,7E004690007D33A200425E9122A79B01244750524D432C3132333531392C412C333731332E35392C4E2C30383032342E35392C572C302E302C302E302C3036303332362C2C2C412A363634
04-15-2026 19:40:36.335,692,RECV,7E004690007D33A200425E9122A79B01244750524D432C3132333531392C412C333731332E35392C4E2C30383032342E35392C572C302E302C302E302C3036303332362C2C2C412A363634
04-15-2026 19:40:42.915,693,RECV,7E004690007D33A200425E9122A79B01244750524D432C3132333531392C412C333731332E35392C4E2C30383032342E35392C572C302E302C302E302C3036303332362C2C2C412A363634
04-15-2026 19:40:44.494,694,RECV,7E004690007D33A200425E9122A79B01244750524D432C3132333531392C412C333731332E35392C4E2C30383032342E35392C572C302E302C302E302C3036303332362C2C2C412A363634
04-15-2026 19:40:46.114,695,RECV,7E004690007D33A200425E9122A79B01244750524D432C3132333531392C412C333731332E35392C4E2C30383032342E35392C572C302E302C302E302C3036303332362C2C2C412A363634
04-15-2026 19:40:52.711,696,RECV,7E004690007D33A200425E9122A79B01244750524D432C3132333531392C412C333731332E35392C4E2C30383032342E35392C572C302E302C302E302C3036303332362C2C2C412A363634
04-15-2026 19:40:54.318,697,RECV,7E004690007D33A200425E9122A79B01244750524D432C3132333531392C412C333731332E35392C4E2C30383032342E35392C572C302E302C302E302C3036303332362C2C2C412A363634
04-15-2026 19:40:55.897,698,RECV,7E004690007D33A200425E9122A79B01244750524D432C3132333531392C412C333731332E35392C4E2C30383032342E35392C572C302E302C302E302C3036303332362C2C2C412A363634
04-15-2026 19:41:02.519,699,RECV,7E004690007D33A200425E9122A79B01244750524D432C3132333531392C412C333731332E35392C4E2C30383032342E35392C572C302E302C302E302C3036303332362C2C2C412A363634
04-15-2026 19:41:04.106,700,RECV,7E004690007D33A200425E9122A79B01244750524D432C3132333531392C412C333731332E35392C4E2C30383032342E35392C572C302E302C302E302C3036303332362C2C2C412A363634
04-15-2026 19:41:05.726,701,RECV,7E004690007D33A200425E9122A79B01244750524D432C3132333531392C412C333731332E35392C4E2C30383032342E35392C572C302E302C302E302C3036303332362C2C2C412A363634
04-15-2026 19:41:12.305,702,RECV,7E004690007D33A200425E9122A79B01244750524D432C3132333531392C412C333731332E35392C4E2C30383032342E35392C572C302E302C302E302C3036303332362C2C2C412A363634
04-15-2026 19:41:13.936,703,RECV,7E004690007D33A200425E9122A79B01244750524D432C3132333531392C412C333731332E35392C4E2C30383032342E35392C572C302E302C302E302C3036303332362C2C2C412A363634
04-15-2026 19:41:15.516,704,RECV,7E004690007D33A200425E9122A79B01244750524D432C3132333531392C412C333731332E35392C4E2C30383032342E35392C572C302E302C302E302C3036303332362C2C2C412A363634
04-15-2026 19:41:21.696,705,RECV,7E004690007D33A200425E9122A79B01244750524D432C3132333531392C412C333731332E35392C4E2C30383032342E35392C572C302E302C302E302C3036303332362C2C2C412A363634
04-15-2026 19:41:23.316,706,RECV,7E004690007D33A200425E9122A79B01244750524D432C3132333531392C412C333731332E35392C4E2C30383032342E35392C572C302E302C302E302C3036303332362C2C2C412A363634
04-15-2026 19:41:24.931,707,RECV,7E004690007D33A200425E9122A79B01244750524D432C3132333531392C412C333731332E35392C4E2C30383032342E35392C572C302E302C302E302C3036303332362C2C2C412A363634
04-15-2026 19:41:26.534,708,RECV,7E004690007D33A200425E9122A79B01244750524D432C3132333531392C412C333731332E35392C4E2C30383032342E35392C572C302E302C302E302C3036303332362C2C2C412A363634
04-15-2026 19:41:33.114,709,RECV,7E004690007D33A200425E9122A79B01244750524D432C3132333531392C412C333731332E35392C4E2C30383032342E35392C572C302E302C302E302C3036303332362C2C2C412A363634
04-15-2026 19:41:34.709,710,RECV,7E004690007D33A200425E9122A79B01244750524D432C3132333531392C412C333731332E35392C4E2C30383032342E35392C572C302E302C302E302C3036303332362C2C2C412A363634
04-15-2026 19:41:36.317,711,RECV,7E004690007D33A200425E9122A79B01244750524D432C3132333531392C412C333731332E35392C4E2C30383032342E35392C572C302E302C302E302C3036303332362C2C2C412A363634
04-15-2026 19:41:42.916,712,RECV,7E004690007D33A200425E9122A79B01244750524D432C3132333531392C412C333731332E35392C4E2C30383032342E35392C572C302E302C302E302C3036303332362C2C2C412A363634
04-15-2026 19:41:44.528,713,RECV,7E004690007D33A200425E9122A79B01244750524D432C3132333531392C412C333731332E35392C4E2C30383032342E35392C572C302E302C302E302C3036303332362C2C2C412A363634
04-15-2026 19:41:46.127,714,RECV,7E004690007D33A200425E9122A79B01244750524D432C3132333531392C412C333731332E35392C4E2C30383032342E35392C572C302E302C302E302C3036303332362C2C2C412A363634
04-15-2026 19:41:52.705,715,RECV,7E004690007D33A200425E9122A79B01244750524D432C3132333531392C412C333731332E35392C4E2C30383032342E35392C572C302E302C302E302C3036303332362C2C2C412A363634
04-15-2026 19:41:54.325,716,RECV,7E004690007D33A200425E9122A79B01244750524D432C3132333531392C412C333731332E35392C4E2C30383032342E35392C572C302E302C302E302C3036303332362C2C2C412A363634
04-15-2026 19:41:55.905,717,RECV,7E004690007D33A200425E9122A79B01244750524D432C3132333531392C412C333731332E35392C4E2C30383032342E35392C572C302E302C302E302C3036303332362C2C2C412A363634
04-15-2026 19:42:02.518,718,RECV,7E004690007D33A200425E9122A79B01244750524D432C3132333531392C412C333731332E35392C4E2C30383032342E35392C572C302E302C302E302C3036303332362C2C2C412A363634
04-15-2026 19:42:04.134,719,RECV,7E004690007D33A200425E9122A79B01244750524D432C3132333531392C412C333731332E35392C4E2C30383032342E35392C572C302E302C302E302C3036303332362C2C2C412A363634
04-15-2026 19:42:05.742,720,RECV,7E004690007D33A200425E9122A79B01244750524D432C3132333531392C412C333731332E35392C4E2C30383032342E35392C572C302E302C302E302C3036303332362C2C2C412A363634
04-15-2026 19:42:12.313,721,RECV,7E004690007D33A200425E9122A79B01244750524D432C3132333531392C412C333731332E35392C4E2C30383032342E35392C572C302E302C302E302C3036303332362C2C2C412A363634
04-15-2026 19:42:13.947,722,RECV,7E004690007D33A200425E9122A79B01244750524D432C3132333531392C412C333731332E35392C4E2C30383032342E35392C572C302E302C302E302C3036303332362C2C2C412A363634
04-15-2026 19:42:15.529,723,RECV,7E004690007D33A200425E9122A79B01244750524D432C3132333531392C412C333731332E35392C4E2C30383032342E35392C572C302E302C302E302C3036303332362C2C2C412A363634
04-15-2026 19:42:21.706,724,RECV,7E004690007D33A200425E9122A79B01244750524D432C3132333531392C412C333731332E35392C4E2C30383032342E35392C572C302E302C302E302C3036303332362C2C2C412A363634
04-15-2026 19:42:23.280,725,RECV,7E004690007D33A200425E9122A79B01244750524D432C3132333531392C412C333731332E35392C4E2C30383032342E35392C572C302E302C302E302C3036303332362C2C2C412A363634
04-15-2026 19:42:23.804,726,RECV,7E00028A0372
04-15-2026 19:42:25.149,727,RECV,7E00028A066F
04-15-2026 19:42:25.183,728,RECV,7E00028A4332
